<?xml version="1.0" encoding="UTF-8"?>
<testsuite name="AnalyticsTest::Errors" skipped="0" failures="0" errors="0" tests="3" assertions="9" time="2.288281">
  <testcase name="test_0003_can send pageType error" classname="AnalyticsTest::Errors" assertions="3" time="0.756255">
  </testcase>
  <testcase name="test_0002_Can send errors variable" classname="AnalyticsTest::Errors" assertions="3" time="0.7608">
  </testcase>
  <testcase name="test_0001_an event and variable is sent when triggering an error" classname="AnalyticsTest::Errors" assertions="3" time="0.771226">
  </testcase>
</testsuite>
