<?xml version="1.0" encoding="UTF-8"?>
<testsuite name="AnalyticsTest::Media" skipped="0" failures="0" errors="0" tests="1" assertions="0" time="0.414355162">
  <testcase name="test_0001_Tracks a video being played" classname="AnalyticsTest::Media" assertions="0" time="0.414355162">
  </testcase>
</testsuite>
